{"time":"2024-10-23T20:38:08.04584299-04:00","level":"INFO","msg":"Logger initialized successfully","args":null}
{"time":"2024-10-23T20:38:08.04588886-04:00","level":"INFO","msg":"Starting database initialization process","args":null}
{"time":"2024-10-23T20:38:08.047836863-04:00","level":"INFO","msg":"Database system initialized successfully","args":null}
{"time":"2024-10-23T20:38:08.047841333-04:00","level":"INFO","msg":"Starting server initialization","args":null}
{"time":"2024-10-23T20:38:08.047842904-04:00","level":"INFO","msg":"Starting database connection initialization","args":null}
{"time":"2024-10-23T20:38:08.047844456-04:00","level":"DEBUG","msg":"Using connection string","args":["connectionString","host='localhost' port='5432' user='postgres' password='' dbname='mqldx' sslmode='disable'"]}
{"time":"2024-10-23T20:38:08.049029246-04:00","level":"INFO","msg":"Database connection initialized successfully","args":["database","mqldx"]}
{"time":"2024-10-23T20:38:08.049066078-04:00","level":"INFO","msg":"Database connection verified successfully","args":null}
{"time":"2024-10-23T20:38:08.049075131-04:00","level":"INFO","msg":"Starting complete database initialization","args":null}
{"time":"2024-10-23T20:38:08.049147941-04:00","level":"INFO","msg":"Starting schema initialization","args":["database","mqldx"]}
{"time":"2024-10-23T20:38:08.049194482-04:00","level":"DEBUG","msg":"Project root path obtained","args":["path","/home/lixen/workspace/github.com/LixenWraith/mqldx/server"]}
{"time":"2024-10-23T20:38:08.049208287-04:00","level":"DEBUG","msg":"Schema directory read","args":["dir","/home/lixen/workspace/github.com/LixenWraith/mqldx/server/src/sql/schema","fileCount",7]}
{"time":"2024-10-23T20:38:08.049250661-04:00","level":"DEBUG","msg":"Extracted table name from content","args":["filename","01_users.sql","tableName","users"]}
{"time":"2024-10-23T20:38:08.049254371-04:00","level":"DEBUG","msg":"Checking if table exists","args":["table","users","database","mqldx"]}
{"time":"2024-10-23T20:38:08.050105494-04:00","level":"DEBUG","msg":"Table existence check completed","args":["table","users","exists",true,"database","mqldx"]}
{"time":"2024-10-23T20:38:08.050110661-04:00","level":"INFO","msg":"Table already exists, skipping","args":["table","users","filename","01_users.sql","database","mqldx"]}
{"time":"2024-10-23T20:38:08.050112845-04:00","level":"DEBUG","msg":"Extracted table name from content","args":["filename","02_companies.sql","tableName","companies"]}
{"time":"2024-10-23T20:38:08.050114617-04:00","level":"DEBUG","msg":"Checking if table exists","args":["table","companies","database","mqldx"]}
{"time":"2024-10-23T20:38:08.050365374-04:00","level":"DEBUG","msg":"Table existence check completed","args":["table","companies","exists",true,"database","mqldx"]}
{"time":"2024-10-23T20:38:08.050375991-04:00","level":"INFO","msg":"Table already exists, skipping","args":["table","companies","filename","02_companies.sql","database","mqldx"]}
{"time":"2024-10-23T20:38:08.050379581-04:00","level":"DEBUG","msg":"Extracted table name from content","args":["filename","03_templates.sql","tableName","templates"]}
{"time":"2024-10-23T20:38:08.05038123-04:00","level":"DEBUG","msg":"Checking if table exists","args":["table","templates","database","mqldx"]}
{"time":"2024-10-23T20:38:08.050631039-04:00","level":"DEBUG","msg":"Table existence check completed","args":["table","templates","exists",true,"database","mqldx"]}
{"time":"2024-10-23T20:38:08.050634544-04:00","level":"INFO","msg":"Table already exists, skipping","args":["table","templates","filename","03_templates.sql","database","mqldx"]}
{"time":"2024-10-23T20:38:08.050636578-04:00","level":"DEBUG","msg":"Extracted table name from content","args":["filename","04_customizations.sql","tableName","customizations"]}
{"time":"2024-10-23T20:38:08.050638233-04:00","level":"DEBUG","msg":"Checking if table exists","args":["table","customizations","database","mqldx"]}
{"time":"2024-10-23T20:38:08.050847117-04:00","level":"DEBUG","msg":"Table existence check completed","args":["table","customizations","exists",true,"database","mqldx"]}
{"time":"2024-10-23T20:38:08.050855824-04:00","level":"INFO","msg":"Table already exists, skipping","args":["table","customizations","filename","04_customizations.sql","database","mqldx"]}
{"time":"2024-10-23T20:38:08.050857955-04:00","level":"DEBUG","msg":"Extracted table name from content","args":["filename","05_surveys.sql","tableName","surveys"]}
{"time":"2024-10-23T20:38:08.050859736-04:00","level":"DEBUG","msg":"Checking if table exists","args":["table","surveys","database","mqldx"]}
{"time":"2024-10-23T20:38:08.051020364-04:00","level":"DEBUG","msg":"Table existence check completed","args":["table","surveys","exists",true,"database","mqldx"]}
{"time":"2024-10-23T20:38:08.051030853-04:00","level":"INFO","msg":"Table already exists, skipping","args":["table","surveys","filename","05_surveys.sql","database","mqldx"]}
{"time":"2024-10-23T20:38:08.051033508-04:00","level":"DEBUG","msg":"Extracted table name from content","args":["filename","06_responses.sql","tableName","responses"]}
{"time":"2024-10-23T20:38:08.051035216-04:00","level":"DEBUG","msg":"Checking if table exists","args":["table","responses","database","mqldx"]}
{"time":"2024-10-23T20:38:08.051270326-04:00","level":"DEBUG","msg":"Table existence check completed","args":["table","responses","exists",true,"database","mqldx"]}
{"time":"2024-10-23T20:38:08.051280815-04:00","level":"INFO","msg":"Table already exists, skipping","args":["table","responses","filename","06_responses.sql","database","mqldx"]}
{"time":"2024-10-23T20:38:08.051283385-04:00","level":"DEBUG","msg":"Extracted table name from content","args":["filename","07_reports.sql","tableName","reports"]}
{"time":"2024-10-23T20:38:08.051284993-04:00","level":"DEBUG","msg":"Checking if table exists","args":["table","reports","database","mqldx"]}
{"time":"2024-10-23T20:38:08.051527129-04:00","level":"DEBUG","msg":"Table existence check completed","args":["table","reports","exists",true,"database","mqldx"]}
{"time":"2024-10-23T20:38:08.051533259-04:00","level":"INFO","msg":"Table already exists, skipping","args":["table","reports","filename","07_reports.sql","database","mqldx"]}
{"time":"2024-10-23T20:38:08.051535183-04:00","level":"INFO","msg":"No new tables to create","args":["database","mqldx"]}
{"time":"2024-10-23T20:38:08.051536763-04:00","level":"INFO","msg":"Starting SQL statement preparation","args":["database","mqldx"]}
{"time":"2024-10-23T20:38:08.051609453-04:00","level":"DEBUG","msg":"Processing SQL queries from directory","args":["directory","/home/lixen/workspace/github.com/LixenWraith/mqldx/server/src/sql/queries"]}
{"time":"2024-10-23T20:38:08.051613089-04:00","level":"DEBUG","msg":"Processing query file","args":["filePath","/home/lixen/workspace/github.com/LixenWraith/mqldx/server/src/sql/queries/company.sql"]}
{"time":"2024-10-23T20:38:08.051614945-04:00","level":"DEBUG","msg":"Processing SQL file","args":["filepath","/home/lixen/workspace/github.com/LixenWraith/mqldx/server/src/sql/queries/company.sql","database","mqldx"]}
{"time":"2024-10-23T20:38:08.05161685-04:00","level":"DEBUG","msg":"Preparing statement","args":["name","create_company","sql","INSERT INTO companies (id, name, created_at, updated_at)\nVALUES ($1, $2, $3, $4);","database","mqldx"]}
{"time":"2024-10-23T20:38:08.05178659-04:00","level":"DEBUG","msg":"Statement prepared successfully","args":["name","create_company"]}
{"time":"2024-10-23T20:38:08.051791793-04:00","level":"DEBUG","msg":"Preparing statement","args":["name","get_company_by_id","sql","SELECT name, created_at, updated_at\nFROM companies\nWHERE id = $1;","database","mqldx"]}
{"time":"2024-10-23T20:38:08.051946573-04:00","level":"DEBUG","msg":"Statement prepared successfully","args":["name","get_company_by_id"]}
{"time":"2024-10-23T20:38:08.051953665-04:00","level":"DEBUG","msg":"Preparing statement","args":["name","update_company","sql","UPDATE companies\nSET name = $1, updated_at = $2\nWHERE id = $3;","database","mqldx"]}
{"time":"2024-10-23T20:38:08.052059607-04:00","level":"DEBUG","msg":"Statement prepared successfully","args":["name","update_company"]}
{"time":"2024-10-23T20:38:08.05206702-04:00","level":"DEBUG","msg":"Preparing statement","args":["name","delete_company","sql","DELETE FROM companies\nWHERE id = $1;","database","mqldx"]}
{"time":"2024-10-23T20:38:08.052177278-04:00","level":"DEBUG","msg":"Statement prepared successfully","args":["name","delete_company"]}
{"time":"2024-10-23T20:38:08.052181245-04:00","level":"DEBUG","msg":"Preparing statement","args":["name","get_company_by_name","sql","SELECT id, name, created_at, updated_at\nFROM companies\nWHERE name = $1;","database","mqldx"]}
{"time":"2024-10-23T20:38:08.052408503-04:00","level":"DEBUG","msg":"Statement prepared successfully","args":["name","get_company_by_name"]}
{"time":"2024-10-23T20:38:08.052411107-04:00","level":"DEBUG","msg":"Preparing statement","args":["name","list_companies","sql","SELECT id, name, created_at, updated_at\nFROM companies\nORDER BY name ASC;","database","mqldx"]}
{"time":"2024-10-23T20:38:08.052546702-04:00","level":"DEBUG","msg":"Statement prepared successfully","args":["name","list_companies"]}
{"time":"2024-10-23T20:38:08.0525986-04:00","level":"DEBUG","msg":"Processing query file","args":["filePath","/home/lixen/workspace/github.com/LixenWraith/mqldx/server/src/sql/queries/customization.sql"]}
{"time":"2024-10-23T20:38:08.052613131-04:00","level":"DEBUG","msg":"Processing SQL file","args":["filepath","/home/lixen/workspace/github.com/LixenWraith/mqldx/server/src/sql/queries/customization.sql","database","mqldx"]}
{"time":"2024-10-23T20:38:08.052615223-04:00","level":"DEBUG","msg":"Preparing statement","args":["name","create_customization","sql","INSERT INTO customizations (id, base_template_id, name, content, version, is_active, created_at, updated_at, created_by, company_id)\nVALUES ($1, $2, $3, $4, $5, $6, $7, $8, $9, $10);","database","mqldx"]}
{"time":"2024-10-23T20:38:08.052728479-04:00","level":"DEBUG","msg":"Statement prepared successfully","args":["name","create_customization"]}
{"time":"2024-10-23T20:38:08.052732496-04:00","level":"DEBUG","msg":"Preparing statement","args":["name","get_customization_by_id","sql","SELECT base_template_id, name, content, version, is_active, created_at, updated_at, created_by, company_id\nFROM customizations\nWHERE id = $1;","database","mqldx"]}
{"time":"2024-10-23T20:38:08.0528392-04:00","level":"DEBUG","msg":"Statement prepared successfully","args":["name","get_customization_by_id"]}
{"time":"2024-10-23T20:38:08.052842773-04:00","level":"DEBUG","msg":"Preparing statement","args":["name","update_customization","sql","UPDATE customizations\nSET name = $1, content = $2, version = $3, is_active = $4, updated_at = $5\nWHERE id = $6;","database","mqldx"]}
{"time":"2024-10-23T20:38:08.052950361-04:00","level":"DEBUG","msg":"Statement prepared successfully","args":["name","update_customization"]}
{"time":"2024-10-23T20:38:08.052953602-04:00","level":"DEBUG","msg":"Preparing statement","args":["name","delete_customization","sql","DELETE FROM customizations\nWHERE id = $1;","database","mqldx"]}
{"time":"2024-10-23T20:38:08.053046558-04:00","level":"DEBUG","msg":"Statement prepared successfully","args":["name","delete_customization"]}
{"time":"2024-10-23T20:38:08.053050779-04:00","level":"DEBUG","msg":"Preparing statement","args":["name","get_customization_by_name","sql","SELECT id, base_template_id, name, content, version, is_active, created_at, updated_at, created_by, company_id\nFROM customizations\nWHERE name = $1 AND company_id = $2;","database","mqldx"]}
{"time":"2024-10-23T20:38:08.053154822-04:00","level":"DEBUG","msg":"Statement prepared successfully","args":["name","get_customization_by_name"]}
{"time":"2024-10-23T20:38:08.053157928-04:00","level":"DEBUG","msg":"Preparing statement","args":["name","list_customizations","sql","SELECT id, base_template_id, name, content, version, is_active, created_at, updated_at, created_by, company_id\nFROM customizations\nWHERE company_id = $1\nORDER BY name ASC;","database","mqldx"]}
{"time":"2024-10-23T20:38:08.053267607-04:00","level":"DEBUG","msg":"Statement prepared successfully","args":["name","list_customizations"]}
{"time":"2024-10-23T20:38:08.053314403-04:00","level":"DEBUG","msg":"Processing query file","args":["filePath","/home/lixen/workspace/github.com/LixenWraith/mqldx/server/src/sql/queries/report.sql"]}
{"time":"2024-10-23T20:38:08.053317972-04:00","level":"DEBUG","msg":"Processing SQL file","args":["filepath","/home/lixen/workspace/github.com/LixenWraith/mqldx/server/src/sql/queries/report.sql","database","mqldx"]}
{"time":"2024-10-23T20:38:08.053319679-04:00","level":"DEBUG","msg":"Preparing statement","args":["name","create_report","sql","INSERT INTO reports (id, survey_id, name, content, created_at, updated_at, created_by, company_id)\nVALUES ($1, $2, $3, $4, $5, $6, $7, $8);","database","mqldx"]}
{"time":"2024-10-23T20:38:08.053446034-04:00","level":"DEBUG","msg":"Statement prepared successfully","args":["name","create_report"]}
{"time":"2024-10-23T20:38:08.053456615-04:00","level":"DEBUG","msg":"Preparing statement","args":["name","get_report_by_id","sql","SELECT survey_id, name, content, created_at, updated_at, created_by, company_id\nFROM reports\nWHERE id = $1;","database","mqldx"]}
{"time":"2024-10-23T20:38:08.05354476-04:00","level":"DEBUG","msg":"Statement prepared successfully","args":["name","get_report_by_id"]}
{"time":"2024-10-23T20:38:08.053549045-04:00","level":"DEBUG","msg":"Preparing statement","args":["name","update_report","sql","UPDATE reports\nSET name = $1, content = $2, updated_at = $3\nWHERE id = $4;","database","mqldx"]}
{"time":"2024-10-23T20:38:08.053644521-04:00","level":"DEBUG","msg":"Statement prepared successfully","args":["name","update_report"]}
{"time":"2024-10-23T20:38:08.053647333-04:00","level":"DEBUG","msg":"Preparing statement","args":["name","delete_report","sql","DELETE FROM reports\nWHERE id = $1;","database","mqldx"]}
{"time":"2024-10-23T20:38:08.05374092-04:00","level":"DEBUG","msg":"Statement prepared successfully","args":["name","delete_report"]}
{"time":"2024-10-23T20:38:08.053744235-04:00","level":"DEBUG","msg":"Preparing statement","args":["name","list_reports_by_survey","sql","SELECT id, survey_id, name, content, created_at, updated_at, created_by, company_id\nFROM reports\nWHERE survey_id = $1\nORDER BY created_at DESC;","database","mqldx"]}
{"time":"2024-10-23T20:38:08.053896192-04:00","level":"DEBUG","msg":"Statement prepared successfully","args":["name","list_reports_by_survey"]}
{"time":"2024-10-23T20:38:08.053899537-04:00","level":"DEBUG","msg":"Preparing statement","args":["name","get_report_by_name","sql","SELECT id, survey_id, name, content, created_at, updated_at, created_by, company_id\nFROM reports\nWHERE name = $1 AND survey_id = $2;","database","mqldx"]}
{"time":"2024-10-23T20:38:08.054061985-04:00","level":"DEBUG","msg":"Statement prepared successfully","args":["name","get_report_by_name"]}
{"time":"2024-10-23T20:38:08.054123598-04:00","level":"DEBUG","msg":"Processing query file","args":["filePath","/home/lixen/workspace/github.com/LixenWraith/mqldx/server/src/sql/queries/response.sql"]}
{"time":"2024-10-23T20:38:08.054130002-04:00","level":"DEBUG","msg":"Processing SQL file","args":["filepath","/home/lixen/workspace/github.com/LixenWraith/mqldx/server/src/sql/queries/response.sql","database","mqldx"]}
{"time":"2024-10-23T20:38:08.054131968-04:00","level":"DEBUG","msg":"Preparing statement","args":["name","create_response","sql","INSERT INTO responses (id, survey_id, respondent_email, responses, created_at)\nVALUES ($1, $2, $3, $4, $5);","database","mqldx"]}
{"time":"2024-10-23T20:38:08.05429013-04:00","level":"DEBUG","msg":"Statement prepared successfully","args":["name","create_response"]}
{"time":"2024-10-23T20:38:08.054297073-04:00","level":"DEBUG","msg":"Preparing statement","args":["name","get_response_by_id","sql","SELECT survey_id, respondent_email, responses, created_at\nFROM responses\nWHERE id = $1;","database","mqldx"]}
{"time":"2024-10-23T20:38:08.054424231-04:00","level":"DEBUG","msg":"Statement prepared successfully","args":["name","get_response_by_id"]}
{"time":"2024-10-23T20:38:08.054432226-04:00","level":"DEBUG","msg":"Preparing statement","args":["name","delete_response","sql","DELETE FROM responses\nWHERE id = $1;","database","mqldx"]}
{"time":"2024-10-23T20:38:08.054557005-04:00","level":"DEBUG","msg":"Statement prepared successfully","args":["name","delete_response"]}
{"time":"2024-10-23T20:38:08.054560823-04:00","level":"DEBUG","msg":"Preparing statement","args":["name","list_responses_by_survey","sql","SELECT id, survey_id, respondent_email, responses, created_at\nFROM responses\nWHERE survey_id = $1\nORDER BY created_at DESC;","database","mqldx"]}
{"time":"2024-10-23T20:38:08.054685206-04:00","level":"DEBUG","msg":"Statement prepared successfully","args":["name","list_responses_by_survey"]}
{"time":"2024-10-23T20:38:08.054689589-04:00","level":"DEBUG","msg":"Preparing statement","args":["name","get_response_by_email_and_survey","sql","SELECT id, survey_id, respondent_email, responses, created_at\nFROM responses\nWHERE respondent_email = $1 AND survey_id = $2;","database","mqldx"]}
{"time":"2024-10-23T20:38:08.05476725-04:00","level":"DEBUG","msg":"Statement prepared successfully","args":["name","get_response_by_email_and_survey"]}
{"time":"2024-10-23T20:38:08.054811373-04:00","level":"DEBUG","msg":"Processing query file","args":["filePath","/home/lixen/workspace/github.com/LixenWraith/mqldx/server/src/sql/queries/survey.sql"]}
{"time":"2024-10-23T20:38:08.054816679-04:00","level":"DEBUG","msg":"Processing SQL file","args":["filepath","/home/lixen/workspace/github.com/LixenWraith/mqldx/server/src/sql/queries/survey.sql","database","mqldx"]}
{"time":"2024-10-23T20:38:08.054818683-04:00","level":"DEBUG","msg":"Preparing statement","args":["name","create_surveys","sql","INSERT INTO surveys (id, template_id, name, description, created_at, updated_at, created_by, company_id)\nVALUES ($1, $2, $3, $4, $5, $6, $7, $8);","database","mqldx"]}
{"time":"2024-10-23T20:38:08.054935147-04:00","level":"DEBUG","msg":"Statement prepared successfully","args":["name","create_surveys"]}
{"time":"2024-10-23T20:38:08.054939271-04:00","level":"DEBUG","msg":"Preparing statement","args":["name","get_survey_by_id","sql","SELECT template_id, name, description, created_at, updated_at, created_by, company_id\nFROM surveys\nWHERE id = $1;","database","mqldx"]}
{"time":"2024-10-23T20:38:08.055042861-04:00","level":"DEBUG","msg":"Statement prepared successfully","args":["name","get_survey_by_id"]}
{"time":"2024-10-23T20:38:08.055048445-04:00","level":"DEBUG","msg":"Preparing statement","args":["name","update_survey","sql","UPDATE surveys\nSET template_id = $1, name = $2, description = $3, updated_at = $4\nWHERE id = $5;","database","mqldx"]}
{"time":"2024-10-23T20:38:08.055140474-04:00","level":"DEBUG","msg":"Statement prepared successfully","args":["name","update_survey"]}
{"time":"2024-10-23T20:38:08.055143931-04:00","level":"DEBUG","msg":"Preparing statement","args":["name","delete_survey","sql","DELETE FROM surveys\nWHERE id = $1;","database","mqldx"]}
{"time":"2024-10-23T20:38:08.055249308-04:00","level":"DEBUG","msg":"Statement prepared successfully","args":["name","delete_survey"]}
{"time":"2024-10-23T20:38:08.055252998-04:00","level":"DEBUG","msg":"Preparing statement","args":["name","get_survey_by_name","sql","SELECT id, template_id, name, description, created_at, updated_at, created_by, company_id\nFROM surveys\nWHERE name = $1 AND company_id = $2;","database","mqldx"]}
{"time":"2024-10-23T20:38:08.055348146-04:00","level":"DEBUG","msg":"Statement prepared successfully","args":["name","get_survey_by_name"]}
{"time":"2024-10-23T20:38:08.055352045-04:00","level":"DEBUG","msg":"Preparing statement","args":["name","list_surveys","sql","SELECT id, template_id, name, description, created_at, updated_at, created_by, company_id\nFROM surveys\nWHERE company_id = $1\nORDER BY name ASC;","database","mqldx"]}
{"time":"2024-10-23T20:38:08.055457344-04:00","level":"DEBUG","msg":"Statement prepared successfully","args":["name","list_surveys"]}
{"time":"2024-10-23T20:38:08.055496191-04:00","level":"DEBUG","msg":"Processing query file","args":["filePath","/home/lixen/workspace/github.com/LixenWraith/mqldx/server/src/sql/queries/template.sql"]}
{"time":"2024-10-23T20:38:08.055502869-04:00","level":"DEBUG","msg":"Processing SQL file","args":["filepath","/home/lixen/workspace/github.com/LixenWraith/mqldx/server/src/sql/queries/template.sql","database","mqldx"]}
{"time":"2024-10-23T20:38:08.055504807-04:00","level":"DEBUG","msg":"Preparing statement","args":["name","create_template","sql","INSERT INTO templates (id, name, description, content, version, is_active, created_at, updated_at, created_by, company_id)\nVALUES ($1, $2, $3, $4, $5, $6, $7, $8, $9, $10);","database","mqldx"]}
{"time":"2024-10-23T20:38:08.055629229-04:00","level":"DEBUG","msg":"Statement prepared successfully","args":["name","create_template"]}
{"time":"2024-10-23T20:38:08.055633637-04:00","level":"DEBUG","msg":"Preparing statement","args":["name","get_template_by_id","sql","SELECT name, description, content, version, is_active, created_at, updated_at, created_by, company_id\nFROM templates\nWHERE id = $1;","database","mqldx"]}
{"time":"2024-10-23T20:38:08.055733661-04:00","level":"DEBUG","msg":"Statement prepared successfully","args":["name","get_template_by_id"]}
{"time":"2024-10-23T20:38:08.05573871-04:00","level":"DEBUG","msg":"Preparing statement","args":["name","update_template","sql","UPDATE templates\nSET name = $1, description = $2, content = $3, version = $4, is_active = $5, updated_at = $6\nWHERE id = $7;","database","mqldx"]}
{"time":"2024-10-23T20:38:08.055818963-04:00","level":"DEBUG","msg":"Statement prepared successfully","args":["name","update_template"]}
{"time":"2024-10-23T20:38:08.055821267-04:00","level":"DEBUG","msg":"Preparing statement","args":["name","delete_template","sql","DELETE FROM templates\nWHERE id = $1;","database","mqldx"]}
{"time":"2024-10-23T20:38:08.055915917-04:00","level":"DEBUG","msg":"Statement prepared successfully","args":["name","delete_template"]}
{"time":"2024-10-23T20:38:08.055920263-04:00","level":"DEBUG","msg":"Preparing statement","args":["name","get_template_by_name","sql","SELECT id, name, description, content, version, is_active, created_at, updated_at, created_by, company_id\nFROM templates\nWHERE name = $1 AND company_id = $2;","database","mqldx"]}
{"time":"2024-10-23T20:38:08.05602956-04:00","level":"DEBUG","msg":"Statement prepared successfully","args":["name","get_template_by_name"]}
{"time":"2024-10-23T20:38:08.056034226-04:00","level":"DEBUG","msg":"Preparing statement","args":["name","list_templates","sql","SELECT id, name, description, content, version, is_active, created_at, updated_at, created_by, company_id\nFROM templates\nWHERE company_id = $1\nORDER BY name ASC;","database","mqldx"]}
{"time":"2024-10-23T20:38:08.056138876-04:00","level":"DEBUG","msg":"Statement prepared successfully","args":["name","list_templates"]}
{"time":"2024-10-23T20:38:08.056202137-04:00","level":"DEBUG","msg":"Processing query file","args":["filePath","/home/lixen/workspace/github.com/LixenWraith/mqldx/server/src/sql/queries/user.sql"]}
{"time":"2024-10-23T20:38:08.056206156-04:00","level":"DEBUG","msg":"Processing SQL file","args":["filepath","/home/lixen/workspace/github.com/LixenWraith/mqldx/server/src/sql/queries/user.sql","database","mqldx"]}
{"time":"2024-10-23T20:38:08.056207952-04:00","level":"DEBUG","msg":"Preparing statement","args":["name","create_user","sql","INSERT INTO users (id, email, password_hash, first_name, last_name, role)\nVALUES ($1, $2, $3, $4, $5, $6);","database","mqldx"]}
{"time":"2024-10-23T20:38:08.056329926-04:00","level":"DEBUG","msg":"Statement prepared successfully","args":["name","create_user"]}
{"time":"2024-10-23T20:38:08.056333454-04:00","level":"DEBUG","msg":"Preparing statement","args":["name","get_user_by_id","sql","SELECT email, password_hash, first_name, last_name, role, created_at, updated_at\nFROM users\nWHERE id = $1;","database","mqldx"]}
{"time":"2024-10-23T20:38:08.056432972-04:00","level":"DEBUG","msg":"Statement prepared successfully","args":["name","get_user_by_id"]}
{"time":"2024-10-23T20:38:08.056436025-04:00","level":"DEBUG","msg":"Preparing statement","args":["name","update_user","sql","UPDATE users\nSET email = $1, password_hash = $2, first_name = $3, last_name = $4, role = $5, updated_at = CURRENT_TIMESTAMP\nWHERE id = $6;","database","mqldx"]}
{"time":"2024-10-23T20:38:08.056541672-04:00","level":"DEBUG","msg":"Statement prepared successfully","args":["name","update_user"]}
{"time":"2024-10-23T20:38:08.056546374-04:00","level":"DEBUG","msg":"Preparing statement","args":["name","delete_user","sql","DELETE FROM users\nWHERE id = $1;","database","mqldx"]}
{"time":"2024-10-23T20:38:08.056644418-04:00","level":"DEBUG","msg":"Statement prepared successfully","args":["name","delete_user"]}
{"time":"2024-10-23T20:38:08.056648478-04:00","level":"DEBUG","msg":"Preparing statement","args":["name","get_user_by_email","sql","SELECT id, email, password_hash, first_name, last_name, role, created_at, updated_at\nFROM users\nWHERE email = $1;","database","mqldx"]}
{"time":"2024-10-23T20:38:08.056742885-04:00","level":"DEBUG","msg":"Statement prepared successfully","args":["name","get_user_by_email"]}
{"time":"2024-10-23T20:38:08.056746759-04:00","level":"DEBUG","msg":"Preparing statement","args":["name","list_users","sql","SELECT id, email, first_name, last_name, role, created_at, updated_at\nFROM users\nORDER BY created_at DESC;","database","mqldx"]}
{"time":"2024-10-23T20:38:08.056841924-04:00","level":"DEBUG","msg":"Statement prepared successfully","args":["name","list_users"]}
{"time":"2024-10-23T20:38:08.056892619-04:00","level":"INFO","msg":"SQL statements prepared successfully","args":["totalFiles",7,"processedFiles",7,"preparedStatements",41,"database","mqldx"]}
{"time":"2024-10-23T20:38:08.056903727-04:00","level":"INFO","msg":"Database initialization completed successfully","args":null}
{"time":"2024-10-23T20:38:08.05690565-04:00","level":"INFO","msg":"Database initialization completed","args":null}
{"time":"2024-10-23T20:38:08.056907093-04:00","level":"INFO","msg":"Service registered","args":["serviceName","database"]}
{"time":"2024-10-23T20:38:08.056908746-04:00","level":"INFO","msg":"Service factory initialized","args":null}
{"time":"2024-10-23T20:38:08.056910083-04:00","level":"INFO","msg":"Initializing all services","args":null}
{"time":"2024-10-23T20:38:08.056911338-04:00","level":"DEBUG","msg":"Initializing service","args":["serviceName","database"]}
{"time":"2024-10-23T20:38:08.056912763-04:00","level":"INFO","msg":"Initializing DatabaseService","args":null}
{"time":"2024-10-23T20:38:08.056914166-04:00","level":"DEBUG","msg":"Pinging database connection","args":null}
{"time":"2024-10-23T20:38:08.056981428-04:00","level":"DEBUG","msg":"Database ping successful","args":null}
{"time":"2024-10-23T20:38:08.056984653-04:00","level":"INFO","msg":"DatabaseService initialized successfully","args":null}
{"time":"2024-10-23T20:38:08.056986207-04:00","level":"INFO","msg":"All services initialized successfully","args":null}
{"time":"2024-10-23T20:38:08.056987577-04:00","level":"DEBUG","msg":"All services initialized","args":null}
{"time":"2024-10-23T20:38:08.056988942-04:00","level":"INFO","msg":"Initializing processor","args":null}
{"time":"2024-10-23T20:38:08.056990337-04:00","level":"INFO","msg":"Initializing all services","args":null}
{"time":"2024-10-23T20:38:08.056991703-04:00","level":"DEBUG","msg":"Initializing service","args":["serviceName","database"]}
{"time":"2024-10-23T20:38:08.056993399-04:00","level":"INFO","msg":"Initializing DatabaseService","args":null}
{"time":"2024-10-23T20:38:08.056994848-04:00","level":"DEBUG","msg":"Pinging database connection","args":null}
{"time":"2024-10-23T20:38:08.057061146-04:00","level":"DEBUG","msg":"Database ping successful","args":null}
{"time":"2024-10-23T20:38:08.057064879-04:00","level":"INFO","msg":"DatabaseService initialized successfully","args":null}
{"time":"2024-10-23T20:38:08.057066501-04:00","level":"INFO","msg":"All services initialized successfully","args":null}
{"time":"2024-10-23T20:38:08.05706793-04:00","level":"INFO","msg":"Processor initialization completed","args":null}
{"time":"2024-10-23T20:38:08.057073195-04:00","level":"INFO","msg":"Data processor initialized","args":null}
{"time":"2024-10-23T20:38:08.057074702-04:00","level":"INFO","msg":"Setting up static file serving","args":["directory","./web/static"]}
{"time":"2024-10-23T20:38:08.05707664-04:00","level":"INFO","msg":"Server created","args":["address",":8080"]}
{"time":"2024-10-23T20:38:08.057078221-04:00","level":"INFO","msg":"Server created successfully","args":null}
{"time":"2024-10-23T20:38:08.057079494-04:00","level":"DEBUG","msg":"Server started in background","args":null}
{"time":"2024-10-23T20:38:08.057148855-04:00","level":"INFO","msg":"Starting server","args":["address",":8080"]}
{"time":"2024-10-23T20:38:08.057159967-04:00","level":"INFO","msg":"Starting server","args":["address",":8080"]}
{"time":"2024-10-23T20:38:08.057162143-04:00","level":"INFO","msg":"Starting HTTPS server","args":["certFile","./cert/server.crt","keyFile","./cert/server.key"]}
{"time":"2024-10-24T04:10:27.230496209-04:00","level":"INFO","msg":"Shutdown signal received","args":["signal",2]}
{"time":"2024-10-24T04:10:27.232111673-04:00","level":"INFO","msg":"Beginning graceful shutdown","args":null}
{"time":"2024-10-24T04:10:27.232144211-04:00","level":"INFO","msg":"Shutting down server","args":null}
{"time":"2024-10-24T04:10:27.232165551-04:00","level":"ERROR","msg":"Server error occurred","args":["error",{}]}
{"time":"2024-10-24T04:10:27.23280943-04:00","level":"INFO","msg":"Server shutdown completed","args":null}
{"time":"2024-10-24T04:10:27.232821833-04:00","level":"INFO","msg":"Server shutdown completed successfully","args":null}
{"time":"2024-10-24T04:10:27.232850126-04:00","level":"DEBUG","msg":"Initiating processor shutdown","args":null}
{"time":"2024-10-24T04:10:27.232866251-04:00","level":"INFO","msg":"Shutting down processor","args":null}
{"time":"2024-10-24T04:10:27.232881556-04:00","level":"INFO","msg":"Shutting down all services","args":null}
{"time":"2024-10-24T04:10:27.23288351-04:00","level":"DEBUG","msg":"Shutting down service","args":["serviceName","database"]}
{"time":"2024-10-24T04:10:27.23288588-04:00","level":"INFO","msg":"Shutting down DatabaseService","args":null}
{"time":"2024-10-24T04:10:27.232887332-04:00","level":"INFO","msg":"Starting database shutdown","args":null}
